<?xml version="1.0" encoding="UTF-8"?>
<!-- Generated by org.testng.reporters.JUnitReportReporter -->
<testsuite hostname="VIPUL" failures="0" tests="1" name="TestCases.verfiy_signup" time="15.157" errors="0" timestamp="2022-04-14T08:11:10 IST" skipped="0">
  <testcase classname="TestCases.verfiy_signup" name="signup" time="15.157"/>
  <system-out/>
</testsuite> <!-- TestCases.verfiy_signup -->
