<?xml version="1.0" encoding="UTF-8"?>
<!-- Generated by org.testng.reporters.JUnitReportReporter -->
<testsuite hostname="VIPUL" failures="0" tests="1" name="TestCases.verfify_signin" time="13.854" errors="0" timestamp="2022-04-14T07:26:50 IST" skipped="0">
  <testcase classname="TestCases.verfify_signin" name="enterCredientials" time="13.854"/>
  <system-out/>
</testsuite> <!-- TestCases.verfify_signin -->
